<?xml version="1.0" encoding="UTF-8" ?>
<!--
  ~ Copyright 2012-2018 the original author or authors.
  ~
  ~ Licensed under the Apache License, Version 2.0 (the "License");
  ~ you may not use this file except in compliance with the License.
  ~ You may obtain a copy of the License at
  ~
  ~       http://www.apache.org/licenses/LICENSE-2.0
  ~
  ~ Unless required by applicable law or agreed to in writing, software
  ~ distributed under the License is distributed on an "AS IS" BASIS,
  ~ WITHOUT WARRANTIES OR CONDITIONS OF ANY KIND, either express or implied.
  ~ See the License for the specific language governing permissions and
  ~ limitations under the License.
  -->
<testsuites xmlns:xsi="http://www.w3.org/2001/XMLSchema-instance"
            xmlns="junit"
            xsi:schemaLocation="junit junit1.xsd"
            name="plan name"
            time="12345"
            tests="500" errors="5" failures="6">

    <!-- tests should represent number of activities or step? -->
    <testsuite id="plan step sequence" name="plan step description" package="script file name"
               hostname="LM11222" timestamp="yyyy-MM-ddTHH:mm:ss" time="12345"
               tests="500" errors="6" failures="6">

        <!-- execution metadata and scriptRef.* -->
        <properties>
            <property name="run from" value="LM11222 (x86_64 Mac OS X 10.13.6)"/>
            <property name="JAVA_OPT" value="-Dnexial.script=/Users/ml093043/tmp/nexial/output/nexial.sh"/>
        </properties>

        <testcase name="activity name" classname="script.iteration.scenario" time="12345">


        </testcase>
    </testsuite>
</testsuites>

    <!--
    <testsuites name="string" time="string" tests="string" failures="string" disabled="string" errors="string">
    &lt;!&ndash;Zero or more repetitions:&ndash;&gt;
    <testsuite name="string" tests="string" failures="string" errors="string" time="string" disabled="string" skipped="string" timestamp="string" hostname="string" id="string" package="string">
        &lt;!&ndash;Optional:&ndash;&gt;
        <properties>
            &lt;!&ndash;1 or more repetitions:&ndash;&gt;
            <property name="string" value="string"/>
        </properties>
        &lt;!&ndash;Zero or more repetitions:&ndash;&gt;
        <testcase name="string" assertions="string" time="string" classname="string" status="string">
            &lt;!&ndash;Optional:&ndash;&gt;
            <skipped>string</skipped>
            &lt;!&ndash;Zero or more repetitions:&ndash;&gt;
            <error type="string" message="string">e gero</error>
            &lt;!&ndash;Zero or more repetitions:&ndash;&gt;
            <failure type="string" message="string">cum sonoras</failure>
            &lt;!&ndash;Zero or more repetitions:&ndash;&gt;
            <system-out>string</system-out>
            &lt;!&ndash;Zero or more repetitions:&ndash;&gt;
            <system-err>string</system-err>
        </testcase>
        &lt;!&ndash;Optional:&ndash;&gt;
        <system-out>string</system-out>
        &lt;!&ndash;Optional:&ndash;&gt;
        <system-err>string</system-err>
    </testsuite>
    </testsuites>-->
